[2023-11-28 08:45:03,483] DEBUG preRegister called. Server=com.sun.jmx.mbeanserver.JmxMBeanServer@670b40af, name=log4j:logger=kafka.controller (kafka.controller)
[2023-11-28 08:46:19,764] INFO [ControllerEventThread controllerId=0] Starting (kafka.controller.ControllerEventManager$ControllerEventThread)
[2023-11-28 08:46:19,821] INFO [Controller id=0] 0 successfully elected as the controller. Epoch incremented to 1 and epoch zk version is now 1 (kafka.controller.KafkaController)
[2023-11-28 08:46:19,824] INFO [Controller id=0] Creating FeatureZNode at path: /feature with contents: FeatureZNode(Enabled,Features{}) (kafka.controller.KafkaController)
[2023-11-28 08:46:19,866] INFO [Controller id=0] Registering handlers (kafka.controller.KafkaController)
[2023-11-28 08:46:19,869] INFO [Controller id=0] Deleting log dir event notifications (kafka.controller.KafkaController)
[2023-11-28 08:46:19,871] INFO [Controller id=0] Deleting isr change notifications (kafka.controller.KafkaController)
[2023-11-28 08:46:19,873] INFO [Controller id=0] Initializing controller context (kafka.controller.KafkaController)
[2023-11-28 08:46:19,882] INFO [Controller id=0] Initialized broker epochs cache: HashMap(0 -> 25) (kafka.controller.KafkaController)
[2023-11-28 08:46:19,885] DEBUG [Controller id=0] Register BrokerModifications handler for Set(0) (kafka.controller.KafkaController)
[2023-11-28 08:46:19,889] DEBUG [Channel manager on controller 0]: Controller 0 trying to connect to broker 0 (kafka.controller.ControllerChannelManager)
[2023-11-28 08:46:19,895] INFO [RequestSendThread controllerId=0] Starting (kafka.controller.RequestSendThread)
[2023-11-28 08:46:19,896] INFO [Controller id=0] Currently active brokers in the cluster: Set(0) (kafka.controller.KafkaController)
[2023-11-28 08:46:19,896] INFO [Controller id=0] Currently shutting brokers in the cluster: HashSet() (kafka.controller.KafkaController)
[2023-11-28 08:46:19,896] INFO [Controller id=0] Current list of topics in the cluster: HashSet() (kafka.controller.KafkaController)
[2023-11-28 08:46:19,897] INFO [Controller id=0] Fetching topic deletions in progress (kafka.controller.KafkaController)
[2023-11-28 08:46:19,898] INFO [Controller id=0] List of topics to be deleted:  (kafka.controller.KafkaController)
[2023-11-28 08:46:19,898] INFO [Controller id=0] List of topics ineligible for deletion:  (kafka.controller.KafkaController)
[2023-11-28 08:46:19,898] INFO [Controller id=0] Initializing topic deletion manager (kafka.controller.KafkaController)
[2023-11-28 08:46:19,899] INFO [Topic Deletion Manager 0] Initializing manager with initial deletions: Set(), initial ineligible deletions: HashSet() (kafka.controller.TopicDeletionManager)
[2023-11-28 08:46:19,899] INFO [Controller id=0] Sending update metadata request (kafka.controller.KafkaController)
[2023-11-28 08:46:19,907] INFO [ReplicaStateMachine controllerId=0] Initializing replica state (kafka.controller.ZkReplicaStateMachine)
[2023-11-28 08:46:19,908] INFO [ReplicaStateMachine controllerId=0] Triggering online replica state changes (kafka.controller.ZkReplicaStateMachine)
[2023-11-28 08:46:19,910] INFO [ReplicaStateMachine controllerId=0] Triggering offline replica state changes (kafka.controller.ZkReplicaStateMachine)
[2023-11-28 08:46:19,910] DEBUG [ReplicaStateMachine controllerId=0] Started replica state machine with initial state -> HashMap() (kafka.controller.ZkReplicaStateMachine)
[2023-11-28 08:46:19,910] INFO [PartitionStateMachine controllerId=0] Initializing partition state (kafka.controller.ZkPartitionStateMachine)
[2023-11-28 08:46:19,911] INFO [PartitionStateMachine controllerId=0] Triggering online partition state changes (kafka.controller.ZkPartitionStateMachine)
[2023-11-28 08:46:19,912] INFO [RequestSendThread controllerId=0] Controller 0 connected to bogon:9092 (id: 0 rack: null) for sending state change requests (kafka.controller.RequestSendThread)
[2023-11-28 08:46:19,913] DEBUG [PartitionStateMachine controllerId=0] Started partition state machine with initial state -> HashMap() (kafka.controller.ZkPartitionStateMachine)
[2023-11-28 08:46:19,913] INFO [Controller id=0] Ready to serve as the new controller with epoch 1 (kafka.controller.KafkaController)
[2023-11-28 08:46:19,918] INFO [Controller id=0] Partitions undergoing preferred replica election:  (kafka.controller.KafkaController)
[2023-11-28 08:46:19,918] INFO [Controller id=0] Partitions that completed preferred replica election:  (kafka.controller.KafkaController)
[2023-11-28 08:46:19,918] INFO [Controller id=0] Skipping preferred replica election for partitions due to topic deletion:  (kafka.controller.KafkaController)
[2023-11-28 08:46:19,918] INFO [Controller id=0] Resuming preferred replica election for partitions:  (kafka.controller.KafkaController)
[2023-11-28 08:46:19,919] INFO [Controller id=0] Starting replica leader election (PREFERRED) for partitions  triggered by ZkTriggered (kafka.controller.KafkaController)
[2023-11-28 08:46:19,946] INFO [Controller id=0] Starting the controller scheduler (kafka.controller.KafkaController)
[2023-11-28 08:46:24,952] INFO [Controller id=0] Processing automatic preferred replica leader election (kafka.controller.KafkaController)
[2023-11-28 08:46:24,953] TRACE [Controller id=0] Checking need to trigger auto leader balancing (kafka.controller.KafkaController)
[2023-11-28 08:51:24,946] INFO [Controller id=0] Processing automatic preferred replica leader election (kafka.controller.KafkaController)
[2023-11-28 08:51:24,946] TRACE [Controller id=0] Checking need to trigger auto leader balancing (kafka.controller.KafkaController)
[2023-11-28 08:56:24,948] INFO [Controller id=0] Processing automatic preferred replica leader election (kafka.controller.KafkaController)
[2023-11-28 08:56:24,948] TRACE [Controller id=0] Checking need to trigger auto leader balancing (kafka.controller.KafkaController)
[2023-11-28 08:57:10,444] INFO [Controller id=0] Shutting down broker 0 (kafka.controller.KafkaController)
[2023-11-28 08:57:10,444] DEBUG [Controller id=0] All shutting down brokers: 0 (kafka.controller.KafkaController)
[2023-11-28 08:57:10,445] DEBUG [Controller id=0] Live brokers:  (kafka.controller.KafkaController)
[2023-11-28 08:57:10,449] TRACE [Controller id=0] All leaders =  (kafka.controller.KafkaController)
[2023-11-28 08:57:12,052] INFO [ControllerEventThread controllerId=0] Shutting down (kafka.controller.ControllerEventManager$ControllerEventThread)
[2023-11-28 08:57:12,053] INFO [ControllerEventThread controllerId=0] Shutdown completed (kafka.controller.ControllerEventManager$ControllerEventThread)
[2023-11-28 08:57:12,053] INFO [ControllerEventThread controllerId=0] Stopped (kafka.controller.ControllerEventManager$ControllerEventThread)
[2023-11-28 08:57:12,053] DEBUG [Controller id=0] Resigning (kafka.controller.KafkaController)
[2023-11-28 08:57:12,053] DEBUG [Controller id=0] Unregister BrokerModifications handler for Set(0) (kafka.controller.KafkaController)
[2023-11-28 08:57:12,055] INFO [PartitionStateMachine controllerId=0] Stopped partition state machine (kafka.controller.ZkPartitionStateMachine)
[2023-11-28 08:57:12,055] INFO [ReplicaStateMachine controllerId=0] Stopped replica state machine (kafka.controller.ZkReplicaStateMachine)
[2023-11-28 08:57:12,057] INFO [RequestSendThread controllerId=0] Shutting down (kafka.controller.RequestSendThread)
[2023-11-28 08:57:12,057] INFO [RequestSendThread controllerId=0] Shutdown completed (kafka.controller.RequestSendThread)
[2023-11-28 08:57:12,057] INFO [RequestSendThread controllerId=0] Stopped (kafka.controller.RequestSendThread)
[2023-11-28 08:57:12,059] INFO [Controller id=0] Resigned (kafka.controller.KafkaController)
