[2023-11-30 11:02:33,793] INFO [GroupCoordinator 1]: Preparing to rebalance group console-consumer-79232 in state PreparingRebalance with old generation 3 (__consumer_offsets-24) (reason: Removing member console-consumer-1e05f9bf-6b27-4fff-88cd-754dd19ba8c7 on LeaveGroup) (kafka.coordinator.group.GroupCoordinator)
[2023-11-30 11:02:33,810] INFO [GroupCoordinator 1]: Group console-consumer-79232 with generation 4 is now empty (__consumer_offsets-24) (kafka.coordinator.group.GroupCoordinator)
[2023-11-30 11:02:33,823] INFO [GroupCoordinator 1]: Member MemberMetadata(memberId=console-consumer-1e05f9bf-6b27-4fff-88cd-754dd19ba8c7, groupInstanceId=None, clientId=console-consumer, clientHost=/127.0.0.1, sessionTimeoutMs=45000, rebalanceTimeoutMs=300000, supportedProtocols=List(range, cooperative-sticky)) has left group console-consumer-79232 through explicit `LeaveGroup` request (kafka.coordinator.group.GroupCoordinator)
[2023-11-30 11:02:35,461] INFO [GroupCoordinator 1]: Preparing to rebalance group my-second-application in state PreparingRebalance with old generation 1 (__consumer_offsets-12) (reason: Removing member console-consumer-78f400b1-0678-4e60-b8d1-4519ca320023 on LeaveGroup) (kafka.coordinator.group.GroupCoordinator)
[2023-11-30 11:02:35,461] INFO [GroupCoordinator 1]: Group my-second-application with generation 2 is now empty (__consumer_offsets-12) (kafka.coordinator.group.GroupCoordinator)
[2023-11-30 11:02:35,461] INFO [GroupCoordinator 1]: Member MemberMetadata(memberId=console-consumer-78f400b1-0678-4e60-b8d1-4519ca320023, groupInstanceId=None, clientId=console-consumer, clientHost=/127.0.0.1, sessionTimeoutMs=45000, rebalanceTimeoutMs=300000, supportedProtocols=List(range, cooperative-sticky)) has left group my-second-application through explicit `LeaveGroup` request (kafka.coordinator.group.GroupCoordinator)
[2023-11-30 11:02:36,072] INFO [GroupCoordinator 1]: Preparing to rebalance group my-first-application in state PreparingRebalance with old generation 2 (__consumer_offsets-18) (reason: Removing member console-consumer-f8b80046-7340-4ad4-9982-a142ce782204 on LeaveGroup) (kafka.coordinator.group.GroupCoordinator)
[2023-11-30 11:02:36,073] INFO [GroupCoordinator 1]: Member MemberMetadata(memberId=console-consumer-f8b80046-7340-4ad4-9982-a142ce782204, groupInstanceId=None, clientId=console-consumer, clientHost=/127.0.0.1, sessionTimeoutMs=45000, rebalanceTimeoutMs=300000, supportedProtocols=List(range, cooperative-sticky)) has left group my-first-application through explicit `LeaveGroup` request (kafka.coordinator.group.GroupCoordinator)
[2023-11-30 11:02:36,632] INFO [GroupCoordinator 1]: Preparing to rebalance group console-consumer-3324 in state PreparingRebalance with old generation 3 (__consumer_offsets-21) (reason: Removing member console-consumer-4516382d-4dd7-4d06-9e8f-ce2acc5be876 on LeaveGroup) (kafka.coordinator.group.GroupCoordinator)
[2023-11-30 11:02:36,633] INFO [GroupCoordinator 1]: Group console-consumer-3324 with generation 4 is now empty (__consumer_offsets-21) (kafka.coordinator.group.GroupCoordinator)
[2023-11-30 11:02:36,633] INFO [GroupCoordinator 1]: Member MemberMetadata(memberId=console-consumer-4516382d-4dd7-4d06-9e8f-ce2acc5be876, groupInstanceId=None, clientId=console-consumer, clientHost=/127.0.0.1, sessionTimeoutMs=45000, rebalanceTimeoutMs=300000, supportedProtocols=List(range, cooperative-sticky)) has left group console-consumer-3324 through explicit `LeaveGroup` request (kafka.coordinator.group.GroupCoordinator)
[2023-11-30 11:02:36,774] INFO [GroupCoordinator 1]: Stabilized group my-first-application generation 3 (__consumer_offsets-18) with 1 members (kafka.coordinator.group.GroupCoordinator)
[2023-11-30 11:02:36,879] INFO [GroupCoordinator 1]: Preparing to rebalance group console-consumer-58983 in state PreparingRebalance with old generation 3 (__consumer_offsets-24) (reason: Removing member console-consumer-7e893ede-72c6-42f9-aa06-4c9f92900cb5 on LeaveGroup) (kafka.coordinator.group.GroupCoordinator)
[2023-11-30 11:02:41,368] INFO [GroupCoordinator 1]: Group console-consumer-58983 with generation 4 is now empty (__consumer_offsets-24) (kafka.coordinator.group.GroupCoordinator)
[2023-11-30 11:02:41,369] INFO [GroupCoordinator 1]: Member MemberMetadata(memberId=console-consumer-7e893ede-72c6-42f9-aa06-4c9f92900cb5, groupInstanceId=None, clientId=console-consumer, clientHost=/127.0.0.1, sessionTimeoutMs=45000, rebalanceTimeoutMs=300000, supportedProtocols=List(range, cooperative-sticky)) has left group console-consumer-58983 through explicit `LeaveGroup` request (kafka.coordinator.group.GroupCoordinator)
[2023-11-30 11:02:41,421] INFO Terminating process due to signal SIGHUP (org.apache.kafka.common.utils.LoggingSignalHandler)
[2023-11-30 11:02:41,432] INFO [GroupCoordinator 1]: Preparing to rebalance group my-first-application in state PreparingRebalance with old generation 3 (__consumer_offsets-18) (reason: Removing member console-consumer-f5a6d62f-40fd-4e8e-8714-ef3ffee0d8e9 on LeaveGroup) (kafka.coordinator.group.GroupCoordinator)
[2023-11-30 11:02:41,433] INFO [GroupCoordinator 1]: Group my-first-application with generation 4 is now empty (__consumer_offsets-18) (kafka.coordinator.group.GroupCoordinator)
[2023-11-30 11:02:41,435] INFO [GroupCoordinator 1]: Member MemberMetadata(memberId=console-consumer-f5a6d62f-40fd-4e8e-8714-ef3ffee0d8e9, groupInstanceId=None, clientId=console-consumer, clientHost=/127.0.0.1, sessionTimeoutMs=45000, rebalanceTimeoutMs=300000, supportedProtocols=List(range, cooperative-sticky)) has left group my-first-application through explicit `LeaveGroup` request (kafka.coordinator.group.GroupCoordinator)
[2023-11-30 11:02:41,581] INFO [BrokerServer id=1] Transition from STARTED to SHUTTING_DOWN (kafka.server.BrokerServer)
[2023-11-30 11:02:41,587] INFO [BrokerServer id=1] shutting down (kafka.server.BrokerServer)
[2023-11-30 11:02:41,617] INFO [BrokerMetadataListener id=1] beginShutdown: shutting down event queue. (org.apache.kafka.queue.KafkaEventQueue)
[2023-11-30 11:02:41,628] INFO [BrokerLifecycleManager id=1] Beginning controlled shutdown. (kafka.server.BrokerLifecycleManager)
[2023-11-30 11:02:41,635] INFO [Controller 1] Unfenced broker 1 has requested and been granted a controlled shutdown. (org.apache.kafka.controller.BrokerHeartbeatManager)
[2023-11-30 11:02:41,641] INFO [Controller 1] enterControlledShutdown[1]: changing 60 partition(s) (org.apache.kafka.controller.ReplicationControlManager)
[2023-11-30 11:02:41,693] INFO [BrokerLifecycleManager id=1] The broker is in PENDING_CONTROLLED_SHUTDOWN state, still waiting for the active controller. (kafka.server.BrokerLifecycleManager)
[2023-11-30 11:02:41,695] INFO [BrokerMetadataListener id=1] Not processing HandleCommitsEvent because the event queue is closed. (kafka.server.metadata.BrokerMetadataListener)
[2023-11-30 11:02:41,750] INFO [Controller 1] The request from broker 1 to shut down has been granted since the lowest active offset 9223372036854775807 is now greater than the broker's controlled shutdown offset 256. (org.apache.kafka.controller.BrokerHeartbeatManager)
[2023-11-30 11:02:41,786] INFO [Controller 1] handleBrokerFenced: changing 60 partition(s) (org.apache.kafka.controller.ReplicationControlManager)
[2023-11-30 11:02:41,793] INFO [Controller 1] Fenced broker: FenceBrokerRecord(id=1, epoch=4) (org.apache.kafka.controller.ClusterControlManager)
[2023-11-30 11:02:41,816] INFO [BrokerMetadataListener id=1] Not processing HandleCommitsEvent because the event queue is closed. (kafka.server.metadata.BrokerMetadataListener)
[2023-11-30 11:02:41,816] INFO [BrokerLifecycleManager id=1] The controller has asked us to exit controlled shutdown. (kafka.server.BrokerLifecycleManager)
[2023-11-30 11:02:41,821] INFO [BrokerLifecycleManager id=1] beginShutdown: shutting down event queue. (org.apache.kafka.queue.KafkaEventQueue)
[2023-11-30 11:02:41,841] INFO [BrokerLifecycleManager id=1] Transitioning from PENDING_CONTROLLED_SHUTDOWN to SHUTTING_DOWN. (kafka.server.BrokerLifecycleManager)
[2023-11-30 11:02:41,843] INFO [BrokerToControllerChannelManager broker=1 name=heartbeat]: Shutting down (kafka.server.BrokerToControllerRequestThread)
[2023-11-30 11:02:41,845] INFO [BrokerToControllerChannelManager broker=1 name=heartbeat]: Shutdown completed (kafka.server.BrokerToControllerRequestThread)
[2023-11-30 11:02:41,845] INFO [BrokerToControllerChannelManager broker=1 name=heartbeat]: Stopped (kafka.server.BrokerToControllerRequestThread)
[2023-11-30 11:02:41,847] INFO [SocketServer listenerType=BROKER, nodeId=1] Stopping socket server request processors (kafka.network.SocketServer)
[2023-11-30 11:02:41,879] INFO Broker to controller channel manager for heartbeat shutdown (kafka.server.BrokerToControllerChannelManagerImpl)
[2023-11-30 11:02:41,884] INFO [SocketServer listenerType=BROKER, nodeId=1] Stopped socket server request processors (kafka.network.SocketServer)
[2023-11-30 11:02:41,886] INFO [data-plane Kafka Request Handler on Broker 1], shutting down (kafka.server.KafkaRequestHandlerPool)
[2023-11-30 11:02:41,896] INFO [data-plane Kafka Request Handler on Broker 1], shut down completely (kafka.server.KafkaRequestHandlerPool)
[2023-11-30 11:02:41,900] INFO [ExpirationReaper-1-AlterAcls]: Shutting down (kafka.server.DelayedOperationPurgatory$ExpiredOperationReaper)
[2023-11-30 11:02:41,990] INFO [ExpirationReaper-1-AlterAcls]: Stopped (kafka.server.DelayedOperationPurgatory$ExpiredOperationReaper)
[2023-11-30 11:02:41,990] INFO [ExpirationReaper-1-AlterAcls]: Shutdown completed (kafka.server.DelayedOperationPurgatory$ExpiredOperationReaper)
[2023-11-30 11:02:41,994] INFO [KafkaApi-1] Shutdown complete. (kafka.server.KafkaApis)
[2023-11-30 11:02:42,002] INFO [BrokerMetadataListener id=1] closed event queue. (org.apache.kafka.queue.KafkaEventQueue)
[2023-11-30 11:02:42,023] INFO [TransactionCoordinator id=1] Shutting down. (kafka.coordinator.transaction.TransactionCoordinator)
[2023-11-30 11:02:42,031] INFO [Transaction State Manager 1]: Shutdown complete (kafka.coordinator.transaction.TransactionStateManager)
[2023-11-30 11:02:42,031] INFO [Transaction Marker Channel Manager 1]: Shutting down (kafka.coordinator.transaction.TransactionMarkerChannelManager)
[2023-11-30 11:02:42,033] INFO [Transaction Marker Channel Manager 1]: Stopped (kafka.coordinator.transaction.TransactionMarkerChannelManager)
[2023-11-30 11:02:42,033] INFO [Transaction Marker Channel Manager 1]: Shutdown completed (kafka.coordinator.transaction.TransactionMarkerChannelManager)
[2023-11-30 11:02:42,036] INFO [TransactionCoordinator id=1] Shutdown complete. (kafka.coordinator.transaction.TransactionCoordinator)
[2023-11-30 11:02:42,039] INFO [GroupCoordinator 1]: Shutting down. (kafka.coordinator.group.GroupCoordinator)
[2023-11-30 11:02:42,041] INFO [ExpirationReaper-1-Heartbeat]: Shutting down (kafka.server.DelayedOperationPurgatory$ExpiredOperationReaper)
[2023-11-30 11:02:42,193] INFO [ExpirationReaper-1-Heartbeat]: Stopped (kafka.server.DelayedOperationPurgatory$ExpiredOperationReaper)
[2023-11-30 11:02:42,193] INFO [ExpirationReaper-1-Heartbeat]: Shutdown completed (kafka.server.DelayedOperationPurgatory$ExpiredOperationReaper)
[2023-11-30 11:02:42,193] INFO [ExpirationReaper-1-Rebalance]: Shutting down (kafka.server.DelayedOperationPurgatory$ExpiredOperationReaper)
[2023-11-30 11:02:42,396] INFO [ExpirationReaper-1-Rebalance]: Stopped (kafka.server.DelayedOperationPurgatory$ExpiredOperationReaper)
[2023-11-30 11:02:42,396] INFO [ExpirationReaper-1-Rebalance]: Shutdown completed (kafka.server.DelayedOperationPurgatory$ExpiredOperationReaper)
[2023-11-30 11:02:42,397] INFO [GroupCoordinator 1]: Shutdown complete. (kafka.coordinator.group.GroupCoordinator)
[2023-11-30 11:02:42,399] INFO [ReplicaManager broker=1] Shutting down (kafka.server.ReplicaManager)
[2023-11-30 11:02:42,399] INFO [LogDirFailureHandler]: Shutting down (kafka.server.ReplicaManager$LogDirFailureHandler)
[2023-11-30 11:02:42,401] INFO [LogDirFailureHandler]: Shutdown completed (kafka.server.ReplicaManager$LogDirFailureHandler)
[2023-11-30 11:02:42,401] INFO [LogDirFailureHandler]: Stopped (kafka.server.ReplicaManager$LogDirFailureHandler)
[2023-11-30 11:02:42,401] INFO [ReplicaFetcherManager on broker 1] shutting down (kafka.server.ReplicaFetcherManager)
[2023-11-30 11:02:42,407] INFO [ReplicaFetcherManager on broker 1] shutdown completed (kafka.server.ReplicaFetcherManager)
[2023-11-30 11:02:42,408] INFO [ReplicaAlterLogDirsManager on broker 1] shutting down (kafka.server.ReplicaAlterLogDirsManager)
[2023-11-30 11:02:42,409] INFO [ReplicaAlterLogDirsManager on broker 1] shutdown completed (kafka.server.ReplicaAlterLogDirsManager)
[2023-11-30 11:02:42,409] INFO [ExpirationReaper-1-Fetch]: Shutting down (kafka.server.DelayedOperationPurgatory$ExpiredOperationReaper)
[2023-11-30 11:02:42,410] INFO [ExpirationReaper-1-Fetch]: Stopped (kafka.server.DelayedOperationPurgatory$ExpiredOperationReaper)
[2023-11-30 11:02:42,410] INFO [ExpirationReaper-1-Fetch]: Shutdown completed (kafka.server.DelayedOperationPurgatory$ExpiredOperationReaper)
[2023-11-30 11:02:42,411] INFO [ExpirationReaper-1-Produce]: Shutting down (kafka.server.DelayedOperationPurgatory$ExpiredOperationReaper)
[2023-11-30 11:02:42,600] INFO [ExpirationReaper-1-Produce]: Stopped (kafka.server.DelayedOperationPurgatory$ExpiredOperationReaper)
[2023-11-30 11:02:42,600] INFO [ExpirationReaper-1-Produce]: Shutdown completed (kafka.server.DelayedOperationPurgatory$ExpiredOperationReaper)
[2023-11-30 11:02:42,601] INFO [ExpirationReaper-1-DeleteRecords]: Shutting down (kafka.server.DelayedOperationPurgatory$ExpiredOperationReaper)
[2023-11-30 11:02:42,806] INFO [ExpirationReaper-1-DeleteRecords]: Stopped (kafka.server.DelayedOperationPurgatory$ExpiredOperationReaper)
[2023-11-30 11:02:42,809] INFO [ExpirationReaper-1-DeleteRecords]: Shutdown completed (kafka.server.DelayedOperationPurgatory$ExpiredOperationReaper)
[2023-11-30 11:02:42,810] INFO [ExpirationReaper-1-ElectLeader]: Shutting down (kafka.server.DelayedOperationPurgatory$ExpiredOperationReaper)
[2023-11-30 11:02:43,010] INFO [ExpirationReaper-1-ElectLeader]: Stopped (kafka.server.DelayedOperationPurgatory$ExpiredOperationReaper)
[2023-11-30 11:02:43,010] INFO [ExpirationReaper-1-ElectLeader]: Shutdown completed (kafka.server.DelayedOperationPurgatory$ExpiredOperationReaper)
[2023-11-30 11:02:43,049] INFO [ReplicaManager broker=1] Shut down completely (kafka.server.ReplicaManager)
[2023-11-30 11:02:43,050] INFO [BrokerToControllerChannelManager broker=1 name=alterIsr]: Shutting down (kafka.server.BrokerToControllerRequestThread)
[2023-11-30 11:02:43,053] INFO [BrokerToControllerChannelManager broker=1 name=alterIsr]: Stopped (kafka.server.BrokerToControllerRequestThread)
[2023-11-30 11:02:43,053] INFO [BrokerToControllerChannelManager broker=1 name=alterIsr]: Shutdown completed (kafka.server.BrokerToControllerRequestThread)
[2023-11-30 11:02:43,056] INFO Broker to controller channel manager for alterIsr shutdown (kafka.server.BrokerToControllerChannelManagerImpl)
[2023-11-30 11:02:43,057] INFO [BrokerToControllerChannelManager broker=1 name=forwarding]: Shutting down (kafka.server.BrokerToControllerRequestThread)
[2023-11-30 11:02:43,060] INFO [BrokerToControllerChannelManager broker=1 name=forwarding]: Shutdown completed (kafka.server.BrokerToControllerRequestThread)
[2023-11-30 11:02:43,060] INFO [BrokerToControllerChannelManager broker=1 name=forwarding]: Stopped (kafka.server.BrokerToControllerRequestThread)
[2023-11-30 11:02:43,061] INFO Broker to controller channel manager for forwarding shutdown (kafka.server.BrokerToControllerChannelManagerImpl)
[2023-11-30 11:02:43,067] INFO Shutting down. (kafka.log.LogManager)
[2023-11-30 11:02:43,217] INFO [ProducerStateManager partition=demo_java-1] Wrote producer snapshot at offset 33 with 0 producer ids in 20 ms. (kafka.log.ProducerStateManager)
[2023-11-30 11:02:43,323] INFO [ProducerStateManager partition=__consumer_offsets-21] Wrote producer snapshot at offset 4 with 0 producer ids in 9 ms. (kafka.log.ProducerStateManager)
[2023-11-30 11:02:43,400] INFO [ProducerStateManager partition=demo_java-2] Wrote producer snapshot at offset 52 with 0 producer ids in 10 ms. (kafka.log.ProducerStateManager)
[2023-11-30 11:02:43,438] INFO [ProducerStateManager partition=__consumer_offsets-8] Wrote producer snapshot at offset 5 with 0 producer ids in 8 ms. (kafka.log.ProducerStateManager)
[2023-11-30 11:02:43,542] INFO [ProducerStateManager partition=first_topic-0] Wrote producer snapshot at offset 4 with 0 producer ids in 26 ms. (kafka.log.ProducerStateManager)
[2023-11-30 11:02:43,671] INFO [ProducerStateManager partition=__consumer_offsets-24] Wrote producer snapshot at offset 8 with 0 producer ids in 44 ms. (kafka.log.ProducerStateManager)
[2023-11-30 11:02:43,727] INFO [ProducerStateManager partition=demo_java-0] Wrote producer snapshot at offset 42 with 0 producer ids in 16 ms. (kafka.log.ProducerStateManager)
[2023-11-30 11:02:43,763] INFO [ProducerStateManager partition=third_topic-2] Wrote producer snapshot at offset 1 with 0 producer ids in 7 ms. (kafka.log.ProducerStateManager)
[2023-11-30 11:02:43,831] INFO [ProducerStateManager partition=second_topic-1] Wrote producer snapshot at offset 2 with 0 producer ids in 6 ms. (kafka.log.ProducerStateManager)
[2023-11-30 11:02:43,866] INFO [ProducerStateManager partition=__consumer_offsets-12] Wrote producer snapshot at offset 7004 with 0 producer ids in 12 ms. (kafka.log.ProducerStateManager)
[2023-11-30 11:02:43,932] INFO [ProducerStateManager partition=second_topic-2] Wrote producer snapshot at offset 2 with 0 producer ids in 5 ms. (kafka.log.ProducerStateManager)
[2023-11-30 11:02:43,987] INFO [ProducerStateManager partition=__consumer_offsets-18] Wrote producer snapshot at offset 7029 with 0 producer ids in 7 ms. (kafka.log.ProducerStateManager)
[2023-11-30 11:02:44,135] INFO [ProducerStateManager partition=__consumer_offsets-4] Wrote producer snapshot at offset 760 with 0 producer ids in 27 ms. (kafka.log.ProducerStateManager)
[2023-11-30 11:02:44,228] INFO [ProducerStateManager partition=second_topic-0] Wrote producer snapshot at offset 2 with 0 producer ids in 27 ms. (kafka.log.ProducerStateManager)
[2023-11-30 11:02:44,458] INFO Shutdown complete. (kafka.log.LogManager)
[2023-11-30 11:02:44,460] INFO [ThrottledChannelReaper-Fetch]: Shutting down (kafka.server.ClientQuotaManager$ThrottledChannelReaper)
[2023-11-30 11:02:44,846] INFO [ThrottledChannelReaper-Fetch]: Stopped (kafka.server.ClientQuotaManager$ThrottledChannelReaper)
[2023-11-30 11:02:44,846] INFO [ThrottledChannelReaper-Fetch]: Shutdown completed (kafka.server.ClientQuotaManager$ThrottledChannelReaper)
[2023-11-30 11:02:44,846] INFO [ThrottledChannelReaper-Produce]: Shutting down (kafka.server.ClientQuotaManager$ThrottledChannelReaper)
[2023-11-30 11:02:44,854] INFO [ThrottledChannelReaper-Produce]: Stopped (kafka.server.ClientQuotaManager$ThrottledChannelReaper)
[2023-11-30 11:02:44,854] INFO [ThrottledChannelReaper-Produce]: Shutdown completed (kafka.server.ClientQuotaManager$ThrottledChannelReaper)
[2023-11-30 11:02:44,854] INFO [ThrottledChannelReaper-Request]: Shutting down (kafka.server.ClientQuotaManager$ThrottledChannelReaper)
[2023-11-30 11:02:45,848] INFO [ThrottledChannelReaper-Request]: Stopped (kafka.server.ClientQuotaManager$ThrottledChannelReaper)
[2023-11-30 11:02:45,848] INFO [ThrottledChannelReaper-Request]: Shutdown completed (kafka.server.ClientQuotaManager$ThrottledChannelReaper)
[2023-11-30 11:02:45,848] INFO [ThrottledChannelReaper-ControllerMutation]: Shutting down (kafka.server.ClientQuotaManager$ThrottledChannelReaper)
[2023-11-30 11:02:45,890] INFO [ThrottledChannelReaper-ControllerMutation]: Stopped (kafka.server.ClientQuotaManager$ThrottledChannelReaper)
[2023-11-30 11:02:45,890] INFO [ThrottledChannelReaper-ControllerMutation]: Shutdown completed (kafka.server.ClientQuotaManager$ThrottledChannelReaper)
[2023-11-30 11:02:45,894] INFO [SocketServer listenerType=BROKER, nodeId=1] Shutting down socket server (kafka.network.SocketServer)
[2023-11-30 11:02:45,968] INFO [SocketServer listenerType=BROKER, nodeId=1] Shutdown completed (kafka.network.SocketServer)
[2023-11-30 11:02:45,969] INFO Metrics scheduler closed (org.apache.kafka.common.metrics.Metrics)
[2023-11-30 11:02:45,969] INFO Closing reporter org.apache.kafka.common.metrics.JmxReporter (org.apache.kafka.common.metrics.Metrics)
[2023-11-30 11:02:45,970] INFO Metrics reporters closed (org.apache.kafka.common.metrics.Metrics)
[2023-11-30 11:02:45,971] INFO Broker and topic stats closed (kafka.server.BrokerTopicStats)
[2023-11-30 11:02:45,975] INFO [BrokerLifecycleManager id=1] closed event queue. (org.apache.kafka.queue.KafkaEventQueue)
[2023-11-30 11:02:45,976] INFO App info kafka.server for 1 unregistered (org.apache.kafka.common.utils.AppInfoParser)
[2023-11-30 11:02:45,977] INFO [BrokerServer id=1] shut down completed (kafka.server.BrokerServer)
[2023-11-30 11:02:45,978] INFO [BrokerServer id=1] Transition from SHUTTING_DOWN to SHUTDOWN (kafka.server.BrokerServer)
[2023-11-30 11:02:45,979] INFO [kafka-raft-io-thread]: Shutting down (kafka.raft.KafkaRaftManager$RaftIoThread)
[2023-11-30 11:02:45,979] INFO [RaftManager nodeId=1] Beginning graceful shutdown (org.apache.kafka.raft.KafkaRaftClient)
[2023-11-30 11:02:45,984] INFO [RaftManager nodeId=1] Graceful shutdown completed (org.apache.kafka.raft.KafkaRaftClient)
[2023-11-30 11:02:45,984] INFO [kafka-raft-io-thread]: Completed graceful shutdown of RaftClient (kafka.raft.KafkaRaftManager$RaftIoThread)
[2023-11-30 11:02:45,985] INFO [kafka-raft-io-thread]: Stopped (kafka.raft.KafkaRaftManager$RaftIoThread)
[2023-11-30 11:02:45,985] INFO [kafka-raft-io-thread]: Shutdown completed (kafka.raft.KafkaRaftManager$RaftIoThread)
[2023-11-30 11:02:45,986] INFO [kafka-raft-outbound-request-thread]: Shutting down (kafka.raft.RaftSendThread)
[2023-11-30 11:02:45,987] INFO [kafka-raft-outbound-request-thread]: Shutdown completed (kafka.raft.RaftSendThread)
[2023-11-30 11:02:45,987] INFO [kafka-raft-outbound-request-thread]: Stopped (kafka.raft.RaftSendThread)
[2023-11-30 11:02:46,018] INFO [ProducerStateManager partition=__cluster_metadata-0] Wrote producer snapshot at offset 318 with 0 producer ids in 29 ms. (kafka.log.ProducerStateManager)
[2023-11-30 11:02:46,069] INFO [ControllerServer id=1] shutting down (kafka.server.ControllerServer)
[2023-11-30 11:02:46,070] INFO [SocketServer listenerType=CONTROLLER, nodeId=1] Stopping socket server request processors (kafka.network.SocketServer)
[2023-11-30 11:02:46,077] INFO [SocketServer listenerType=CONTROLLER, nodeId=1] Stopped socket server request processors (kafka.network.SocketServer)
[2023-11-30 11:02:46,077] INFO [Controller 1] QuorumController#beginShutdown: shutting down event queue. (org.apache.kafka.queue.KafkaEventQueue)
[2023-11-30 11:02:46,077] INFO [SocketServer listenerType=CONTROLLER, nodeId=1] Shutting down socket server (kafka.network.SocketServer)
[2023-11-30 11:02:46,089] INFO [SocketServer listenerType=CONTROLLER, nodeId=1] Shutdown completed (kafka.network.SocketServer)
[2023-11-30 11:02:46,089] INFO [data-plane Kafka Request Handler on Broker 1], shutting down (kafka.server.KafkaRequestHandlerPool)
[2023-11-30 11:02:46,091] INFO [data-plane Kafka Request Handler on Broker 1], shut down completely (kafka.server.KafkaRequestHandlerPool)
[2023-11-30 11:02:46,092] INFO [ExpirationReaper-1-AlterAcls]: Shutting down (kafka.server.DelayedOperationPurgatory$ExpiredOperationReaper)
[2023-11-30 11:02:46,247] INFO [ExpirationReaper-1-AlterAcls]: Stopped (kafka.server.DelayedOperationPurgatory$ExpiredOperationReaper)
[2023-11-30 11:02:46,247] INFO [ExpirationReaper-1-AlterAcls]: Shutdown completed (kafka.server.DelayedOperationPurgatory$ExpiredOperationReaper)
[2023-11-30 11:02:46,248] INFO [ThrottledChannelReaper-Fetch]: Shutting down (kafka.server.ClientQuotaManager$ThrottledChannelReaper)
[2023-11-30 11:02:46,859] INFO [ThrottledChannelReaper-Fetch]: Stopped (kafka.server.ClientQuotaManager$ThrottledChannelReaper)
[2023-11-30 11:02:46,859] INFO [ThrottledChannelReaper-Fetch]: Shutdown completed (kafka.server.ClientQuotaManager$ThrottledChannelReaper)
[2023-11-30 11:02:46,859] INFO [ThrottledChannelReaper-Produce]: Shutting down (kafka.server.ClientQuotaManager$ThrottledChannelReaper)
[2023-11-30 11:02:46,895] INFO [ThrottledChannelReaper-Produce]: Stopped (kafka.server.ClientQuotaManager$ThrottledChannelReaper)
[2023-11-30 11:02:46,895] INFO [ThrottledChannelReaper-Produce]: Shutdown completed (kafka.server.ClientQuotaManager$ThrottledChannelReaper)
[2023-11-30 11:02:46,895] INFO [ThrottledChannelReaper-Request]: Shutting down (kafka.server.ClientQuotaManager$ThrottledChannelReaper)
[2023-11-30 11:02:47,863] INFO [ThrottledChannelReaper-Request]: Stopped (kafka.server.ClientQuotaManager$ThrottledChannelReaper)
[2023-11-30 11:02:47,863] INFO [ThrottledChannelReaper-Request]: Shutdown completed (kafka.server.ClientQuotaManager$ThrottledChannelReaper)
[2023-11-30 11:02:47,864] INFO [ThrottledChannelReaper-ControllerMutation]: Shutting down (kafka.server.ClientQuotaManager$ThrottledChannelReaper)
[2023-11-30 11:02:47,899] INFO [ThrottledChannelReaper-ControllerMutation]: Stopped (kafka.server.ClientQuotaManager$ThrottledChannelReaper)
[2023-11-30 11:02:47,899] INFO [ThrottledChannelReaper-ControllerMutation]: Shutdown completed (kafka.server.ClientQuotaManager$ThrottledChannelReaper)
[2023-11-30 11:02:47,899] INFO [Controller 1] closed event queue. (org.apache.kafka.queue.KafkaEventQueue)
[2023-11-30 11:02:47,903] INFO App info kafka.server for 1 unregistered (org.apache.kafka.common.utils.AppInfoParser)
